DEBUG:root:<--- field are sucessfully loaded --->
DEBUG:root:<--- the window resolution is set --->
Total resolution is: 480 x 360
DEBUG:root:<--- a list with vertex instances has been created. --->
Total count of vertex is: 16
Total vertex position depth range is: [-2, 8]
Total vertex round radius range is: [4, 64]
DEBUG:root:-------- APPLICATION SUCESSFULLY STARTED --------
DEBUG:root:round position: [76, 238, 2.1522132931313083] : radius: 21 : --- : vertex position: [-32, 0]
DEBUG:root:2023-09-02 15:44:21.532961
DEBUG:root:round position: [115, 97, 2.6183360108918645] : radius: 11 : --- : vertex position: [-32, 0]
DEBUG:root:2023-09-02 15:44:21.532961
DEBUG:root:round position: [248, 258, 0.7989447276671875] : radius: 45 : --- : vertex position: [-32, 0]
DEBUG:root:2023-09-02 15:44:21.532961
DEBUG:root:round position: [187, 209, 5.63443733903661] : radius: 39 : --- : vertex position: [-32, 0]
DEBUG:root:2023-09-02 15:44:21.532961
DEBUG:root:round position: [387, 163, 1.4611609725283499] : radius: 36 : --- : vertex position: [-32, 0]
DEBUG:root:2023-09-02 15:44:21.532961
DEBUG:root:round position: [391, 264, 4.790602807169661] : radius: 12 : --- : vertex position: [-32, 0]
DEBUG:root:2023-09-02 15:44:21.532961
DEBUG:root:round position: [193, 181, 5.6366895436380355] : radius: 18 : --- : vertex position: [-32, 0]
DEBUG:root:2023-09-02 15:44:21.532961
DEBUG:root:round position: [265, 277, 0.5132785407180314] : radius: 58 : --- : vertex position: [-32, 0]
DEBUG:root:2023-09-02 15:44:21.532961
DEBUG:root:round position: [379, 220, 3.1678558912706185] : radius: 21 : --- : vertex position: [-32, 0]
DEBUG:root:2023-09-02 15:44:21.532961
DEBUG:root:round position: [265, 166, 3.298323174220415] : radius: 10 : --- : vertex position: [-32, 0]
DEBUG:root:2023-09-02 15:44:21.532961
DEBUG:root:round position: [399, 150, -1.6734499344108194] : radius: 12 : --- : vertex position: [-32, 0]
DEBUG:root:2023-09-02 15:44:21.533963
DEBUG:root:round position: [372, 118, -1.2038108035087773] : radius: 13 : --- : vertex position: [-32, 0]
DEBUG:root:2023-09-02 15:44:21.533963
DEBUG:root:round position: [83, 236, 3.9862400782216687] : radius: 16 : --- : vertex position: [-32, 0]
DEBUG:root:2023-09-02 15:44:21.533963
DEBUG:root:round position: [142, 257, -0.19066655686099265] : radius: 48 : --- : vertex position: [-32, 0]
DEBUG:root:2023-09-02 15:44:21.533963
DEBUG:root:round position: [139, 236, 6.881268392783905] : radius: 9 : --- : vertex position: [-32, 0]
DEBUG:root:2023-09-02 15:44:21.533963
DEBUG:root:round position: [265, 232, 0.8880561378116321] : radius: 64 : --- : vertex position: [-32, 0]
DEBUG:root:2023-09-02 15:44:21.533963
DEBUG:root:-------- END OF PROGRAM --------
